Started GET "/" for 127.0.0.1 at 2021-01-27 19:13:57 -0300
  [1m[35m (0.7ms)[0m  [1m[34mSELECT sqlite_version(*)[0m
  [1m[35m (0.1ms)[0m  [1m[34mSELECT "schema_migrations"."version" FROM "schema_migrations" ORDER BY "schema_migrations"."version" ASC[0m
Processing by ArticlesController#index as HTML
  [1m[36mArticle Load (0.2ms)[0m  [1m[34mSELECT "articles".* FROM "articles"[0m
  ↳ app/controllers/articles_controller.rb:7:in `partition'
  Rendering articles/index.html.erb within layouts/application
  [1m[36mUser Load (0.1ms)[0m  [1m[34mSELECT "users".* FROM "users" WHERE "users"."id" = ? ORDER BY "users"."id" ASC LIMIT ?[0m  [["id", 1], ["LIMIT", 1]]
  ↳ app/views/articles/index.html.erb:37
  Rendered articles/index.html.erb within layouts/application (Duration: 19.3ms | Allocations: 10020)
[Webpacker] Everything's up-to-date. Nothing to do
  Rendered layouts/_nav.html.erb (Duration: 0.9ms | Allocations: 283)
Completed 200 OK in 65ms (Views: 44.4ms | ActiveRecord: 1.4ms | Allocations: 27377)


Started GET "/articles/4" for 127.0.0.1 at 2021-01-27 19:14:00 -0300
Processing by ArticlesController#show as HTML
  Parameters: {"id"=>"4"}
  [1m[36mArticle Load (0.2ms)[0m  [1m[34mSELECT "articles".* FROM "articles" WHERE "articles"."id" = ? LIMIT ?[0m  [["id", 4], ["LIMIT", 1]]
  ↳ app/controllers/articles_controller.rb:11:in `show'
  Rendering articles/show.html.erb within layouts/application
  [1m[36mComment Load (0.2ms)[0m  [1m[34mSELECT "comments".* FROM "comments" WHERE "comments"."article_id" = ?[0m  [["article_id", 4]]
  ↳ app/views/articles/show.html.erb:29
  Rendered articles/show.html.erb within layouts/application (Duration: 54.8ms | Allocations: 11964)
[Webpacker] Everything's up-to-date. Nothing to do
  [1m[36mUser Load (0.1ms)[0m  [1m[34mSELECT "users".* FROM "users" WHERE "users"."id" = ? ORDER BY "users"."id" ASC LIMIT ?[0m  [["id", 1], ["LIMIT", 1]]
  ↳ app/views/layouts/_nav.html.erb:20
  Rendered layouts/_nav.html.erb (Duration: 1.9ms | Allocations: 934)
Completed 200 OK in 66ms (Views: 61.2ms | ActiveRecord: 1.1ms | Allocations: 17055)


Started GET "/" for 127.0.0.1 at 2021-01-27 19:14:02 -0300
Processing by ArticlesController#index as HTML
  [1m[36mArticle Load (0.3ms)[0m  [1m[34mSELECT "articles".* FROM "articles"[0m
  ↳ app/controllers/articles_controller.rb:7:in `partition'
  Rendering articles/index.html.erb within layouts/application
  [1m[36mUser Load (0.1ms)[0m  [1m[34mSELECT "users".* FROM "users" WHERE "users"."id" = ? ORDER BY "users"."id" ASC LIMIT ?[0m  [["id", 1], ["LIMIT", 1]]
  ↳ app/views/articles/index.html.erb:37
  Rendered articles/index.html.erb within layouts/application (Duration: 2.7ms | Allocations: 1141)
[Webpacker] Everything's up-to-date. Nothing to do
  Rendered layouts/_nav.html.erb (Duration: 0.2ms | Allocations: 50)
Completed 200 OK in 13ms (Views: 9.8ms | ActiveRecord: 0.4ms | Allocations: 5269)


